<?xml version="1.0" encoding="UTF-8"?>
<!-- Generated by org.testng.reporters.JUnitReportReporter -->
<testsuite skipped="0" hostname="DESKTOP-6J4MNNL" name="com.qa.Test.LoginScript" tests="1" failures="0" timestamp="24 Aug 2020 11:10:13 GMT" time="55.262" errors="0">
  <testcase name="test01_Login_And_LogOut_With_Valid_Username_And_Password" time="55.262" classname="com.qa.Test.LoginScript"/>
</testsuite> <!-- com.qa.Test.LoginScript -->
